<?xml version="1.0" encoding="UTF-8"?>
<!-- Generated by org.testng.reporters.JUnitXMLReporter -->
<testsuite ignored="0" hostname="Kanade" failures="1" tests="1" name="Test" time="27.149" errors="0" timestamp="2023-05-31T17:57:18 IST">
  <testcase classname="com.actitime.testscript.CustomerModule" name="testCreateCustomer" time="17.374">
    <failure type="java.lang.AssertionError" message="expected [All Customers] but found [Sagar5]">
      <![CDATA[java.lang.AssertionError: expected [All Customers] but found [Sagar5]
at com.actitime.testscript.CustomerModule.testCreateCustomer(CustomerModule.java:46)
at java.base/java.util.ArrayList.forEach(ArrayList.java:1511)
... Removed 31 stack frames]]>
    </failure>
  </testcase> <!-- testCreateCustomer -->
</testsuite> <!-- Test -->
